Using pre-set license
Built from '2020.3/staging' branch; Version is '2020.3.5f1 (8095aa901b9b) revision 8426922'; Using compiler version '192528614'; Build Type 'Release'
OS: 'Windows 10 Pro; OS build 19042.985; Version 2009; 64bit' Language: 'en' Physical Memory: 16330 MB
BatchMode: 1, IsHumanControllingUs: 0, StartBugReporterOnCrash: 0, Is64bit: 1, IsPro: 0

 COMMAND LINE ARGUMENTS:
C:\Program Files\Unity\Hub\Editor\2020.3.5f1\Editor\Unity.exe
-adb2
-batchMode
-noUpm
-name
AssetImportWorker0
-projectPath
C:/Users/David/Documents/GitHub/DoorsProject/DoorsOfLife
-logFile
Logs/AssetImportWorker0.log
-srvPort
49295
Successfully changed project path to: C:/Users/David/Documents/GitHub/DoorsProject/DoorsOfLife
C:/Users/David/Documents/GitHub/DoorsProject/DoorsOfLife
Using Asset Import Pipeline V2.
Refreshing native plugins compatible for Editor in 66.56 ms, found 1 plugins.
Preloading 0 native plugins for Editor in 0.00 ms.
Initialize engine version: 2020.3.5f1 (8095aa901b9b)
[Subsystems] Discovering subsystems at path C:/Program Files/Unity/Hub/Editor/2020.3.5f1/Editor/Data/Resources/UnitySubsystems
[Subsystems] Discovering subsystems at path C:/Users/David/Documents/GitHub/DoorsProject/DoorsOfLife/Assets
GfxDevice: creating device client; threaded=0
Direct3D:
    Version:  Direct3D 11.0 [level 11.1]
    Renderer: NVIDIA GeForce RTX 2060 (ID=0x1f08)
    Vendor:   
    VRAM:     5980 MB
    Driver:   27.21.14.6647
Shader 'Universal Render Pipeline/Particles/Lit': fallback shader 'Universal Render Pipeline/Particles/SimpleLit' not found
Initialize mono
Mono path[0] = 'C:/Program Files/Unity/Hub/Editor/2020.3.5f1/Editor/Data/Managed'
Mono path[1] = 'C:/Program Files/Unity/Hub/Editor/2020.3.5f1/Editor/Data/MonoBleedingEdge/lib/mono/unityjit'
Mono config path = 'C:/Program Files/Unity/Hub/Editor/2020.3.5f1/Editor/Data/MonoBleedingEdge/etc'
Using monoOptions --debugger-agent=transport=dt_socket,embedding=1,server=y,suspend=n,address=127.0.0.1:56116
Begin MonoManager ReloadAssembly
Registering precompiled unity dll's ...
Register platform support module: C:/Program Files/Unity/Hub/Editor/2020.3.5f1/Editor/Data/PlaybackEngines/MacStandaloneSupport/UnityEditor.OSXStandalone.Extensions.dll
Register platform support module: C:/Program Files/Unity/Hub/Editor/2020.3.5f1/Editor/Data/PlaybackEngines/WindowsStandaloneSupport/UnityEditor.WindowsStandalone.Extensions.dll
Registered in 0.001815 seconds.
Native extension for WindowsStandalone target not found
Native extension for OSXStandalone target not found
Refreshing native plugins compatible for Editor in 69.31 ms, found 1 plugins.
Preloading 0 native plugins for Editor in 0.00 ms.
Mono: successfully reloaded assembly
- Completed reload, in  0.892 seconds
Platform modules already initialized, skipping
Registering precompiled user dll's ...
Registered in 0.001741 seconds.
Begin MonoManager ReloadAssembly
Native extension for WindowsStandalone target not found
Native extension for OSXStandalone target not found
Refreshing native plugins compatible for Editor in 68.84 ms, found 1 plugins.
Preloading 0 native plugins for Editor in 0.00 ms.
Mono: successfully reloaded assembly
- Completed reload, in  0.935 seconds
Platform modules already initialized, skipping
========================================================================
Worker process is ready to serve import requests
Shader 'Universal Render Pipeline/Particles/Lit': fallback shader 'Universal Render Pipeline/Particles/SimpleLit' not found
Launched and connected shader compiler UnityShaderCompiler.exe after 0.04 seconds
Refreshing native plugins compatible for Editor in 0.75 ms, found 1 plugins.
Preloading 0 native plugins for Editor in 0.00 ms.
Unloading 3615 Unused Serialized files (Serialized files now loaded: 0)
System memory in use before: 163.2 MB.
System memory in use after: 163.4 MB.

Unloading 23 unused Assets to reduce memory usage. Loaded Objects now: 4066.
Total: 2.617200 ms (FindLiveObjects: 0.342300 ms CreateObjectMapping: 0.089200 ms MarkObjects: 2.113600 ms  DeleteObjects: 0.071300 ms)

========================================================================
Received Import Request.
  path: Assets/Cursor.png
  artifactKey: Guid(bccff86f745a41446b4bb47b5fc860a9) Importer(815301076,1909f56bfc062723c751e8b465ee728b)
Start importing Assets/Cursor.png using Guid(bccff86f745a41446b4bb47b5fc860a9) Importer(815301076,1909f56bfc062723c751e8b465ee728b)  -> (artifact id: 'dc943ad9dd8dd97594cb2d01ce6caae3') in 0.079128 seconds
  Import took 0.084754 seconds .

========================================================================
Received Import Request.
  Time since last request: 2.421050 seconds.
  path: Assets/Cursor.png
  artifactKey: Guid(bccff86f745a41446b4bb47b5fc860a9) Importer(815301076,1909f56bfc062723c751e8b465ee728b)
Start importing Assets/Cursor.png using Guid(bccff86f745a41446b4bb47b5fc860a9) Importer(815301076,1909f56bfc062723c751e8b465ee728b)  -> (artifact id: 'b67729eabc4f253c07c66f8f294b7b59') in 0.009676 seconds
  Import took 0.014767 seconds .

========================================================================
Received Prepare
Registering precompiled user dll's ...
Registered in 0.001960 seconds.
Begin MonoManager ReloadAssembly
Native extension for WindowsStandalone target not found
Native extension for OSXStandalone target not found
Refreshing native plugins compatible for Editor in 0.73 ms, found 1 plugins.
Preloading 0 native plugins for Editor in 0.00 ms.
Mono: successfully reloaded assembly
- Completed reload, in  0.855 seconds
Platform modules already initialized, skipping
Shader 'Universal Render Pipeline/Particles/Lit': fallback shader 'Universal Render Pipeline/Particles/SimpleLit' not found
Refreshing native plugins compatible for Editor in 0.79 ms, found 1 plugins.
Preloading 0 native plugins for Editor in 0.00 ms.
Unloading 3456 Unused Serialized files (Serialized files now loaded: 0)
System memory in use before: 154.4 MB.
System memory in use after: 154.7 MB.

Unloading 9 unused Assets to reduce memory usage. Loaded Objects now: 4076.
Total: 2.585400 ms (FindLiveObjects: 0.453100 ms CreateObjectMapping: 0.088500 ms MarkObjects: 2.019700 ms  DeleteObjects: 0.023200 ms)

========================================================================
Received Import Request.
  Time since last request: 221.824775 seconds.
  path: Assets/Cursor.png
  artifactKey: Guid(bccff86f745a41446b4bb47b5fc860a9) Importer(815301076,1909f56bfc062723c751e8b465ee728b)
Start importing Assets/Cursor.png using Guid(bccff86f745a41446b4bb47b5fc860a9) Importer(815301076,1909f56bfc062723c751e8b465ee728b)  -> (artifact id: 'ed0d8ce4d29f910b73283d51e0efbd97') in 0.041110 seconds
  Import took 0.046769 seconds .

========================================================================
Received Prepare
Registering precompiled user dll's ...
Registered in 0.001883 seconds.
Begin MonoManager ReloadAssembly
Native extension for WindowsStandalone target not found
Native extension for OSXStandalone target not found
Refreshing native plugins compatible for Editor in 0.76 ms, found 1 plugins.
Preloading 0 native plugins for Editor in 0.00 ms.
Mono: successfully reloaded assembly
- Completed reload, in  0.798 seconds
Platform modules already initialized, skipping
Shader 'Universal Render Pipeline/Particles/Lit': fallback shader 'Universal Render Pipeline/Particles/SimpleLit' not found
Refreshing native plugins compatible for Editor in 0.73 ms, found 1 plugins.
Preloading 0 native plugins for Editor in 0.00 ms.
Unloading 3456 Unused Serialized files (Serialized files now loaded: 0)
System memory in use before: 154.5 MB.
System memory in use after: 154.7 MB.

Unloading 9 unused Assets to reduce memory usage. Loaded Objects now: 4081.
Total: 2.552300 ms (FindLiveObjects: 0.358000 ms CreateObjectMapping: 0.087800 ms MarkObjects: 2.087400 ms  DeleteObjects: 0.018200 ms)

========================================================================
Received Import Request.
  Time since last request: 6272.335982 seconds.
  path: Assets/Cursor.png
  artifactKey: Guid(bccff86f745a41446b4bb47b5fc860a9) Importer(815301076,1909f56bfc062723c751e8b465ee728b)
Start importing Assets/Cursor.png using Guid(bccff86f745a41446b4bb47b5fc860a9) Importer(815301076,1909f56bfc062723c751e8b465ee728b)  -> (artifact id: 'cb806ee6c9faf7f54685b57c01564bf2') in 0.250517 seconds
  Import took 0.268637 seconds .

AssetImportWorkerClient::OnTransportError - code=2 error=End of file
