Using pre-set license
Built from '2020.3/staging' branch; Version is '2020.3.5f1 (8095aa901b9b) revision 8426922'; Using compiler version '192528614'; Build Type 'Release'
OS: 'Windows 10 Home; OS build 19042.985; Version 2009; 64bit' Language: 'pt' Physical Memory: 16335 MB
BatchMode: 1, IsHumanControllingUs: 0, StartBugReporterOnCrash: 0, Is64bit: 1, IsPro: 0

 COMMAND LINE ARGUMENTS:
D:\Unity\UnityHub\2020.3.5f1\Editor\Unity.exe
-adb2
-batchMode
-noUpm
-name
AssetImportWorker2
-projectPath
C:/Users/inesp/Documents/GitHub/DoorsProject/DoorsOfLife
-logFile
Logs/AssetImportWorker2.log
-srvPort
50085
Successfully changed project path to: C:/Users/inesp/Documents/GitHub/DoorsProject/DoorsOfLife
C:/Users/inesp/Documents/GitHub/DoorsProject/DoorsOfLife
Using Asset Import Pipeline V2.
Refreshing native plugins compatible for Editor in 174.12 ms, found 1 plugins.
Preloading 0 native plugins for Editor in 0.00 ms.
Initialize engine version: 2020.3.5f1 (8095aa901b9b)
[Subsystems] Discovering subsystems at path D:/Unity/UnityHub/2020.3.5f1/Editor/Data/Resources/UnitySubsystems
[Subsystems] Discovering subsystems at path C:/Users/inesp/Documents/GitHub/DoorsProject/DoorsOfLife/Assets
GfxDevice: creating device client; threaded=0
Direct3D:
    Version:  Direct3D 11.0 [level 11.1]
    Renderer: NVIDIA GeForce GTX 1060 with Max-Q Design (ID=0x1c60)
    Vendor:   
    VRAM:     6052 MB
    Driver:   27.21.14.5763
Shader 'Universal Render Pipeline/Particles/Lit': fallback shader 'Universal Render Pipeline/Particles/SimpleLit' not found
Initialize mono
Mono path[0] = 'D:/Unity/UnityHub/2020.3.5f1/Editor/Data/Managed'
Mono path[1] = 'D:/Unity/UnityHub/2020.3.5f1/Editor/Data/MonoBleedingEdge/lib/mono/unityjit'
Mono config path = 'D:/Unity/UnityHub/2020.3.5f1/Editor/Data/MonoBleedingEdge/etc'
Using monoOptions --debugger-agent=transport=dt_socket,embedding=1,server=y,suspend=n,address=127.0.0.1:56784
Begin MonoManager ReloadAssembly
Registering precompiled unity dll's ...
Register platform support module: D:/Unity/UnityHub/2020.3.5f1/Editor/Data/PlaybackEngines/MacStandaloneSupport/UnityEditor.OSXStandalone.Extensions.dll
Register platform support module: D:/Unity/UnityHub/2020.3.5f1/Editor/Data/PlaybackEngines/WindowsStandaloneSupport/UnityEditor.WindowsStandalone.Extensions.dll
Registered in 0.004446 seconds.
Native extension for WindowsStandalone target not found
Native extension for OSXStandalone target not found
Refreshing native plugins compatible for Editor in 354.49 ms, found 1 plugins.
Preloading 0 native plugins for Editor in 0.00 ms.
Mono: successfully reloaded assembly
- Completed reload, in  4.361 seconds
Platform modules already initialized, skipping
Registering precompiled user dll's ...
Registered in 0.004173 seconds.
Begin MonoManager ReloadAssembly
Native extension for WindowsStandalone target not found
Native extension for OSXStandalone target not found
Refreshing native plugins compatible for Editor in 400.44 ms, found 1 plugins.
Preloading 0 native plugins for Editor in 0.00 ms.
Mono: successfully reloaded assembly
- Completed reload, in  5.047 seconds
Platform modules already initialized, skipping
========================================================================
Worker process is ready to serve import requests
Shader 'Universal Render Pipeline/Particles/Lit': fallback shader 'Universal Render Pipeline/Particles/SimpleLit' not found
Launched and connected shader compiler UnityShaderCompiler.exe after 0.12 seconds
Refreshing native plugins compatible for Editor in 1.41 ms, found 1 plugins.
Preloading 0 native plugins for Editor in 0.00 ms.
Unloading 3574 Unused Serialized files (Serialized files now loaded: 0)
System memory in use before: 160.6 MB.
System memory in use after: 160.8 MB.

Unloading 23 unused Assets to reduce memory usage. Loaded Objects now: 4024.
Total: 6.443800 ms (FindLiveObjects: 0.635900 ms CreateObjectMapping: 0.436000 ms MarkObjects: 5.191300 ms  DeleteObjects: 0.177800 ms)

========================================================================
Received Import Request.
  path: Assets/Sprites/Controller Icons Pack (by NullSave)/Textures/Filled/Sheets/xbox.png
  artifactKey: Guid(fe9aa33e50412c242bd73e9324bc7922) Importer(815301076,1909f56bfc062723c751e8b465ee728b)
Start importing Assets/Sprites/Controller Icons Pack (by NullSave)/Textures/Filled/Sheets/xbox.png using Guid(fe9aa33e50412c242bd73e9324bc7922) Importer(815301076,1909f56bfc062723c751e8b465ee728b)  -> (artifact id: '554d6e3633d1e2267eee8ec43a1696ff') in 1.018060 seconds
  Import took 1.036759 seconds .

========================================================================
Received Import Request.
  Time since last request: 0.000669 seconds.
  path: Assets/Sprites/Envionrenment/House/DarkTileset.png
  artifactKey: Guid(62b85e855995f914b8d4f33a067c7bbe) Importer(815301076,1909f56bfc062723c751e8b465ee728b)
Start importing Assets/Sprites/Envionrenment/House/DarkTileset.png using Guid(62b85e855995f914b8d4f33a067c7bbe) Importer(815301076,1909f56bfc062723c751e8b465ee728b)  -> (artifact id: 'ad5c10c5d0eca2b928df7a701b8437b7') in 0.218931 seconds
  Import took 0.244170 seconds .

========================================================================
Received Import Request.
  Time since last request: 0.000704 seconds.
  path: Assets/Sprites/Envionrenment/House/BookshelfMerged.png
  artifactKey: Guid(7b4280387c81bfb49b2d4df4c85b73b7) Importer(815301076,1909f56bfc062723c751e8b465ee728b)
Start importing Assets/Sprites/Envionrenment/House/BookshelfMerged.png using Guid(7b4280387c81bfb49b2d4df4c85b73b7) Importer(815301076,1909f56bfc062723c751e8b465ee728b)  -> (artifact id: '9dfd4f83c98aa68a8538271ea4b504a0') in 0.075796 seconds
  Import took 0.097992 seconds .

========================================================================
Received Import Request.
  Time since last request: 0.000665 seconds.
  path: Assets/Sprites/Envionrenment/House/Carpet.png
  artifactKey: Guid(28762118f40c13f4f87159909424c42e) Importer(815301076,1909f56bfc062723c751e8b465ee728b)
Start importing Assets/Sprites/Envionrenment/House/Carpet.png using Guid(28762118f40c13f4f87159909424c42e) Importer(815301076,1909f56bfc062723c751e8b465ee728b)  -> (artifact id: '1a19270ded483f114e80db5c274e261d') in 0.122955 seconds
  Import took 0.143250 seconds .

========================================================================
Received Import Request.
  Time since last request: 0.000675 seconds.
  path: Assets/Sprites/Envionrenment/ChessFloor.png
  artifactKey: Guid(afa8f5c6bf5ad6e4ab6ca2c01ef1e94c) Importer(815301076,1909f56bfc062723c751e8b465ee728b)
Start importing Assets/Sprites/Envionrenment/ChessFloor.png using Guid(afa8f5c6bf5ad6e4ab6ca2c01ef1e94c) Importer(815301076,1909f56bfc062723c751e8b465ee728b)  -> (artifact id: 'ee758ce150c0bab222741d200556489f') in 0.059424 seconds
  Import took 0.079081 seconds .

========================================================================
Received Import Request.
  Time since last request: 0.000687 seconds.
  path: Assets/Sprites/Circle.png
  artifactKey: Guid(3cc91e1a12756c64e950eb3527166cec) Importer(815301076,1909f56bfc062723c751e8b465ee728b)
Start importing Assets/Sprites/Circle.png using Guid(3cc91e1a12756c64e950eb3527166cec) Importer(815301076,1909f56bfc062723c751e8b465ee728b)  -> (artifact id: '212ff122362e6a7392f6f543079e9d2b') in 0.062571 seconds
  Import took 0.081704 seconds .

========================================================================
Received Import Request.
  Time since last request: 0.000678 seconds.
  path: Assets/Sprites/Enemy/Bloobcat/BloobCat.png
  artifactKey: Guid(21d2d7c069f1d7d4794cc24e0b0eca89) Importer(815301076,1909f56bfc062723c751e8b465ee728b)
Start importing Assets/Sprites/Enemy/Bloobcat/BloobCat.png using Guid(21d2d7c069f1d7d4794cc24e0b0eca89) Importer(815301076,1909f56bfc062723c751e8b465ee728b)  -> (artifact id: 'a5bec3fce125571f2555790e33450cbb') in 0.102227 seconds
  Import took 0.119168 seconds .

========================================================================
Received Import Request.
  Time since last request: 0.000688 seconds.
  path: Assets/Sprites/Envionrenment/House/Blocks.png
  artifactKey: Guid(8ec3977ddb3c08b4bac65b0abd81add0) Importer(815301076,1909f56bfc062723c751e8b465ee728b)
Start importing Assets/Sprites/Envionrenment/House/Blocks.png using Guid(8ec3977ddb3c08b4bac65b0abd81add0) Importer(815301076,1909f56bfc062723c751e8b465ee728b)  -> (artifact id: 'd2ba81fedfd4e0cd3d25078645aea1f2') in 0.036164 seconds
  Import took 0.049749 seconds .

========================================================================
Received Import Request.
  Time since last request: 0.000354 seconds.
  path: Assets/Sprites/Envionrenment/House/cushion.png
  artifactKey: Guid(80c913abf70c2214dbc40775bc30696d) Importer(815301076,1909f56bfc062723c751e8b465ee728b)
Start importing Assets/Sprites/Envionrenment/House/cushion.png using Guid(80c913abf70c2214dbc40775bc30696d) Importer(815301076,1909f56bfc062723c751e8b465ee728b)  -> (artifact id: '97ba012e9ad2f11788167f78c6966728') in 0.048592 seconds
  Import took 0.062388 seconds .

========================================================================
Received Import Request.
  Time since last request: 0.000387 seconds.
  path: Assets/Sprites/Envionrenment/House/chess.png
  artifactKey: Guid(152563eaffe00814a81264aff70e5e6c) Importer(815301076,1909f56bfc062723c751e8b465ee728b)
Start importing Assets/Sprites/Envionrenment/House/chess.png using Guid(152563eaffe00814a81264aff70e5e6c) Importer(815301076,1909f56bfc062723c751e8b465ee728b)  -> (artifact id: '0713fb3b2112f0099c8570a2687d85b5') in 0.070767 seconds
  Import took 0.084586 seconds .

========================================================================
Received Import Request.
  Time since last request: 0.000565 seconds.
  path: Assets/Sprites/Controller Icons Pack (by NullSave)/Textures/Filled/Sheets/ps4.png
  artifactKey: Guid(10045ad39fef69944b33bedc39310592) Importer(815301076,1909f56bfc062723c751e8b465ee728b)
Start importing Assets/Sprites/Controller Icons Pack (by NullSave)/Textures/Filled/Sheets/ps4.png using Guid(10045ad39fef69944b33bedc39310592) Importer(815301076,1909f56bfc062723c751e8b465ee728b)  -> (artifact id: '4327141f7a7c19ccebd647ffdb867355') in 0.273986 seconds
  Import took 0.291417 seconds .

========================================================================
Received Import Request.
  Time since last request: 0.000538 seconds.
  path: Assets/Sprites/Enemy/Bloobcat/bloobcat-Backattack.png
  artifactKey: Guid(f5a765d44cbca6447b561ff1b1bf749b) Importer(815301076,1909f56bfc062723c751e8b465ee728b)
Start importing Assets/Sprites/Enemy/Bloobcat/bloobcat-Backattack.png using Guid(f5a765d44cbca6447b561ff1b1bf749b) Importer(815301076,1909f56bfc062723c751e8b465ee728b)  -> (artifact id: '30b447ef611d23483e948b0402a767ec') in 0.219769 seconds
  Import took 0.239426 seconds .

========================================================================
Received Import Request.
  Time since last request: 0.000726 seconds.
  path: Assets/Sprites/Controller Icons Pack (by NullSave)/Textures/Filled/Sheets/switch.png
  artifactKey: Guid(e35b1509688e6294cad1ada6c91b7693) Importer(815301076,1909f56bfc062723c751e8b465ee728b)
Start importing Assets/Sprites/Controller Icons Pack (by NullSave)/Textures/Filled/Sheets/switch.png using Guid(e35b1509688e6294cad1ada6c91b7693) Importer(815301076,1909f56bfc062723c751e8b465ee728b)  -> (artifact id: '10014b588d96f9eee8e871b20aabac16') in 0.432172 seconds
  Import took 0.454701 seconds .

========================================================================
Received Import Request.
  Time since last request: 0.000652 seconds.
  path: Assets/Sprites/Envionrenment/BlueTree.png
  artifactKey: Guid(8ca338de8af0ee0489aac782a58ab017) Importer(815301076,1909f56bfc062723c751e8b465ee728b)
Start importing Assets/Sprites/Envionrenment/BlueTree.png using Guid(8ca338de8af0ee0489aac782a58ab017) Importer(815301076,1909f56bfc062723c751e8b465ee728b)  -> (artifact id: '91962c275bb91ef32047b80e7f62f5fe') in 0.209406 seconds
  Import took 0.229377 seconds .

========================================================================
Received Prepare
Registering precompiled user dll's ...
Registered in 0.006338 seconds.
Begin MonoManager ReloadAssembly
Native extension for WindowsStandalone target not found
Native extension for OSXStandalone target not found
Refreshing native plugins compatible for Editor in 1.61 ms, found 1 plugins.
Preloading 0 native plugins for Editor in 0.00 ms.
Mono: successfully reloaded assembly
- Completed reload, in  2.931 seconds
Platform modules already initialized, skipping
Shader 'Universal Render Pipeline/Particles/Lit': fallback shader 'Universal Render Pipeline/Particles/SimpleLit' not found
Refreshing native plugins compatible for Editor in 1.28 ms, found 1 plugins.
Preloading 0 native plugins for Editor in 0.00 ms.
Unloading 3416 Unused Serialized files (Serialized files now loaded: 0)
System memory in use before: 152.1 MB.
System memory in use after: 152.3 MB.

Unloading 9 unused Assets to reduce memory usage. Loaded Objects now: 4050.
Total: 6.707600 ms (FindLiveObjects: 0.629000 ms CreateObjectMapping: 0.424300 ms MarkObjects: 5.599000 ms  DeleteObjects: 0.052800 ms)

========================================================================
Received Prepare
Registering precompiled user dll's ...
Registered in 0.005918 seconds.
Begin MonoManager ReloadAssembly
Native extension for WindowsStandalone target not found
Native extension for OSXStandalone target not found
Refreshing native plugins compatible for Editor in 1.30 ms, found 1 plugins.
Preloading 0 native plugins for Editor in 0.00 ms.
Mono: successfully reloaded assembly
- Completed reload, in  2.562 seconds
Platform modules already initialized, skipping
Shader 'Universal Render Pipeline/Particles/Lit': fallback shader 'Universal Render Pipeline/Particles/SimpleLit' not found
Refreshing native plugins compatible for Editor in 1.29 ms, found 1 plugins.
Preloading 0 native plugins for Editor in 0.00 ms.
Unloading 3416 Unused Serialized files (Serialized files now loaded: 0)
System memory in use before: 152.1 MB.
System memory in use after: 152.4 MB.

Unloading 9 unused Assets to reduce memory usage. Loaded Objects now: 4054.
Total: 7.081400 ms (FindLiveObjects: 0.822300 ms CreateObjectMapping: 0.505400 ms MarkObjects: 5.696100 ms  DeleteObjects: 0.055200 ms)

========================================================================
Received Prepare
Registering precompiled user dll's ...
Registered in 0.006085 seconds.
Begin MonoManager ReloadAssembly
Native extension for WindowsStandalone target not found
Native extension for OSXStandalone target not found
Refreshing native plugins compatible for Editor in 1.54 ms, found 1 plugins.
Preloading 0 native plugins for Editor in 0.00 ms.
Mono: successfully reloaded assembly
- Completed reload, in  2.758 seconds
Platform modules already initialized, skipping
Shader 'Universal Render Pipeline/Particles/Lit': fallback shader 'Universal Render Pipeline/Particles/SimpleLit' not found
Refreshing native plugins compatible for Editor in 2.02 ms, found 1 plugins.
Preloading 0 native plugins for Editor in 0.00 ms.
Unloading 3416 Unused Serialized files (Serialized files now loaded: 0)
System memory in use before: 152.2 MB.
System memory in use after: 152.4 MB.

Unloading 9 unused Assets to reduce memory usage. Loaded Objects now: 4058.
Total: 6.794300 ms (FindLiveObjects: 0.942100 ms CreateObjectMapping: 0.516400 ms MarkObjects: 5.278700 ms  DeleteObjects: 0.054900 ms)

========================================================================
Received Prepare
Registering precompiled user dll's ...
Registered in 0.004770 seconds.
Begin MonoManager ReloadAssembly
Native extension for WindowsStandalone target not found
Native extension for OSXStandalone target not found
Refreshing native plugins compatible for Editor in 1.26 ms, found 1 plugins.
Preloading 0 native plugins for Editor in 0.00 ms.
Mono: successfully reloaded assembly
- Completed reload, in  3.769 seconds
Platform modules already initialized, skipping
Shader 'Universal Render Pipeline/Particles/Lit': fallback shader 'Universal Render Pipeline/Particles/SimpleLit' not found
Refreshing native plugins compatible for Editor in 1.23 ms, found 1 plugins.
Preloading 0 native plugins for Editor in 0.00 ms.
Unloading 3416 Unused Serialized files (Serialized files now loaded: 0)
System memory in use before: 152.2 MB.
System memory in use after: 152.4 MB.

Unloading 9 unused Assets to reduce memory usage. Loaded Objects now: 4062.
Total: 6.182400 ms (FindLiveObjects: 0.694100 ms CreateObjectMapping: 0.412100 ms MarkObjects: 5.023100 ms  DeleteObjects: 0.049800 ms)

AssetImportWorkerClient::OnTransportError - code=2 error=End of file
